--------- BEGIN GAME ---------
Here are the kindom cards: 
Treasure Map
Ambassador
Baron
Feast
Great Hall
Minion
Village
Council Room
Embargo
Cutpurse
--- Starting turn for player: 0 ---
Starting action phase
Buy Phase
Buying card: Great Hall
Buy Phase over
End turn
--- Starting turn for player: 1 ---
Starting action phase
Buy Phase
Buying card: Council Room
Buy Phase over
End turn
--- Starting turn for player: 0 ---
Starting action phase
Buy Phase
Buying card: Ambassador
Buy Phase over
End turn
--- Starting turn for player: 1 ---
Starting action phase
Buy Phase
Buying card: Embargo
Buy Phase over
End turn
--- Starting turn for player: 0 ---
Starting action phase
Played card: Great Hall, 16
All actions used, action phase over
Buy Phase
Buy Phase over
End turn
--- Starting turn for player: 1 ---
Starting action phase
Played card: Embargo, 22
All actions used, action phase over
Buy Phase
Buying card: Embargo
Buy Phase over
End turn
--- Starting turn for player: 0 ---
Starting action phase
Buy Phase
Buying card: Great Hall
Buy Phase over
End turn
--- Starting turn for player: 1 ---
Starting action phase
Played card: Council Room, 8
All actions used, action phase over
Buy Phase
Buying card: Curse
Buying card: Estate
Buy Phase over
End turn
--- Starting turn for player: 0 ---
Starting action phase
Played card: Great Hall, 16
Buy Phase
Buying card: Ambassador
Buy Phase over
End turn
--- Starting turn for player: 1 ---
Starting action phase
Buy Phase
Buying card: Embargo
Buy Phase over
End turn
--- Starting turn for player: 0 ---
Starting action phase
All actions used, action phase over
Buy Phase
Buy Phase over
End turn
--- Starting turn for player: 1 ---
Starting action phase
Buy Phase
Buying card: Embargo
Buy Phase over
End turn
--- Starting turn for player: 0 ---
Starting action phase
Buy Phase
Buying card: Curse
Buy Phase over
End turn
--- Starting turn for player: 1 ---
Starting action phase
Played card: Embargo, 22
All actions used, action phase over
Buy Phase
Buying card: Embargo
Buy Phase over
End turn
--- Starting turn for player: 0 ---
Starting action phase
Buy Phase
Buying card: Copper
Buy Phase over
End turn
--- Starting turn for player: 1 ---
Starting action phase
Buy Phase
Buying card: Great Hall
Buy Phase over
End turn
--- Starting turn for player: 0 ---
Starting action phase
Buy Phase
Buying card: Embargo
Buy Phase over
End turn
--- Starting turn for player: 1 ---
Starting action phase
Played card: Embargo, 22
All actions used, action phase over
Buy Phase
Buying card: Copper
Buy Phase over
End turn
--- Starting turn for player: 0 ---
Starting action phase
Played card: Embargo, 22
All actions used, action phase over
Buy Phase
Buying card: Embargo
Buy Phase over
End turn
--- Starting turn for player: 1 ---
Starting action phase
Played card: Embargo, 22
All actions used, action phase over
Buy Phase
Buying card: Embargo
Buy Phase over
End turn
--- Starting turn for player: 0 ---
Starting action phase
Played card: Embargo, 22
All actions used, action phase over
Buy Phase
Buying card: Estate
Buy Phase over
End turn
--- Starting turn for player: 1 ---
Starting action phase
Buy Phase
Buying card: Great Hall
Buy Phase over
End turn
--- Starting turn for player: 0 ---
Starting action phase
Buy Phase
Buying card: Embargo
Buy Phase over
End turn
--- Starting turn for player: 1 ---
Starting action phase
Buy Phase
Buying card: Embargo
Buy Phase over
End turn
--- Starting turn for player: 0 ---
Starting action phase
Played card: Embargo, 22
All actions used, action phase over
Buy Phase
Buying card: Estate
Buy Phase over
End turn
--- Starting turn for player: 1 ---
Starting action phase
Played card: Great Hall, 16
Played card: Embargo, 22
All actions used, action phase over
Buy Phase
Buying card: Ambassador
Buy Phase over
End turn
--- Starting turn for player: 0 ---
Starting action phase
Buy Phase
Buying card: Curse
Buy Phase over
End turn
--- Starting turn for player: 1 ---
Starting action phase
Buy Phase
Buying card: Curse
Buy Phase over
End turn
--- Starting turn for player: 0 ---
Starting action phase
Buy Phase
Buying card: Copper
Buy Phase over
End turn
--- Starting turn for player: 1 ---
Starting action phase
Buy Phase
Buying card: Copper
Buy Phase over
End turn
--- Starting turn for player: 0 ---
Starting action phase
Buy Phase
Buying card: Estate
Buy Phase over
End turn
--- Starting turn for player: 1 ---
Starting action phase
Played card: Embargo, 22
All actions used, action phase over
Buy Phase
Buying card: Estate
Buy Phase over
End turn
--- Starting turn for player: 0 ---
Starting action phase
Buy Phase
Buying card: Great Hall
Buy Phase over
End turn
--- Starting turn for player: 1 ---
Starting action phase
Played card: Great Hall, 16
Buy Phase
Buying card: Copper
Buy Phase over
End turn
--- Starting turn for player: 0 ---
Starting action phase
Buy Phase
Buying card: Estate
Buy Phase over
End turn
--- Starting turn for player: 1 ---
Starting action phase
Played card: Embargo, 22
All actions used, action phase over
Buy Phase
Buy Phase over
End turn
--- Starting turn for player: 0 ---
Starting action phase
Played card: Great Hall, 16
Buy Phase
Buying card: Curse
Buy Phase over
End turn
--- Starting turn for player: 1 ---
Starting action phase
All actions used, action phase over
Buy Phase
Buy Phase over
End turn
--- Starting turn for player: 0 ---
Starting action phase
Buy Phase
Buying card: Copper
Buy Phase over
End turn
--- Starting turn for player: 1 ---
Starting action phase
Buy Phase
Buying card: Great Hall
Buy Phase over
End turn
--- Starting turn for player: 0 ---
Starting action phase
Buy Phase
Buying card: Curse
Buy Phase over
End turn
--- Starting turn for player: 1 ---
Starting action phase
Buy Phase
Buying card: Silver
Buy Phase over
End turn
--- Starting turn for player: 0 ---
Starting action phase
Buy Phase
Buy Phase over
End turn
--- Starting turn for player: 1 ---
Starting action phase
Buy Phase
Buying card: Copper
Buy Phase over
End turn
--- Starting turn for player: 0 ---
Starting action phase
Buy Phase
Buying card: Great Hall
Buy Phase over
End turn
--- Starting turn for player: 1 ---
Starting action phase
Played card: Great Hall, 16
Buy Phase
Buying card: Silver
Buy Phase over
End turn
--- Starting turn for player: 0 ---
Starting action phase
Buy Phase
Buying card: Ambassador
Buy Phase over
End turn
--- Starting turn for player: 1 ---
Starting action phase
Buy Phase
Buying card: Curse
Buy Phase over
End turn
--- Starting turn for player: 0 ---
Starting action phase
Buy Phase
Buying card: Curse
Buy Phase over
End turn
--- Starting turn for player: 1 ---
Starting action phase
Buy Phase
Buying card: Village
Buy Phase over
End turn
--- Starting turn for player: 0 ---
Starting action phase
All actions used, action phase over
Buy Phase
Buy Phase over
End turn
--- Starting turn for player: 1 ---
Starting action phase
Buy Phase
Buying card: Cutpurse
Buy Phase over
End turn
--- Starting turn for player: 0 ---
Starting action phase
Played card: Great Hall, 16
Buy Phase
Buying card: Estate
Buy Phase over
End turn
--- Starting turn for player: 1 ---
Starting action phase
Played card: Cutpurse, 21
All actions used, action phase over
Buy Phase
Buying card: Cutpurse
Buy Phase over
End turn
--- Starting turn for player: 0 ---
Starting action phase
Buy Phase
Buying card: Curse
Buy Phase over
End turn
--- Starting turn for player: 1 ---
Starting action phase
Buy Phase
Buying card: Great Hall
Buy Phase over
End turn
--- Starting turn for player: 0 ---
Starting action phase
Buy Phase
Buying card: Copper
Buy Phase over
End turn
--- Starting turn for player: 1 ---
Starting action phase
Buy Phase
Buying card: Copper
Buy Phase over
End turn
--- Starting turn for player: 0 ---
Starting action phase
Buy Phase
Buying card: Village
Buy Phase over
End turn
--- Starting turn for player: 1 ---
Starting action phase
Played card: Village, 14
Buy Phase
Buying card: Estate
Buy Phase over
End turn

 -------- SCOREBOARD --------

Player 0 has a score of: -2
Player 1 has a score of: 2

The winner is player: 1
Their score was: 2
Game Over

